<?xml version="1.0" encoding="UTF-8"?>
<testng-results ignored="0" total="1" passed="1" failed="0" skipped="0">
  <reporter-output>
    <line>
      <![CDATA[<div "result">I am an Admin (PASSED : 1s)</div>]]>
    </line>
    <line>
      <![CDATA[<div "result">I am on the Admin Dashboard page (PASSED : 0s)</div>]]>
    </line>
    <line>
      <![CDATA[<div "result">I select Add New Employee (PASSED : 0s)</div>]]>
    </line>
    <line>
      <![CDATA[<div "result">I should be able to enter employee details (PASSED : 0s)</div>]]>
    </line>
    <line>
      <![CDATA[<div "result">First Name does not begin with “A” or “a” (PASSED : 3s)</div>]]>
    </line>
    <line>
      <![CDATA[<div "result">the employee should save (PASSED : 3s)</div>]]>
    </line>
    <line>
      <![CDATA[<div "result">I should see the employee in the table (PASSED : 0s)</div>]]>
    </line>
    <line>
      <![CDATA[<div "result">the Program Bonus amount is correct (PASSED : 0s)</div>]]>
    </line>
    <line>
      <![CDATA[<div "result">the Total Biweekly Pay calculation is correct (PASSED : 0s)</div>]]>
    </line>
  </reporter-output>
  <suite started-at="2020-04-11T20:21:41Z" name="Default suite" finished-at="2020-04-11T20:22:03Z" duration-ms="21157">
    <groups>
      <group name="cucumber">
        <method signature="AbstractTestNGCucumberTests.runScenario(cucumber.api.testng.PickleEventWrapper, cucumber.api.testng.CucumberFeatureWrapper)[pri:0, instance:runnerpack.Emp_NoDeduction_Runner@52102734]" name="runScenario" class="cucumber.api.testng.AbstractTestNGCucumberTests"/>
      </group> <!-- cucumber -->
    </groups>
    <test started-at="2020-04-11T20:21:41Z" name="Default test" finished-at="2020-04-11T20:22:03Z" duration-ms="21157">
      <class name="runnerpack.Emp_NoDeduction_Runner">
        <test-method is-config="true" signature="setUpClass()[pri:0, instance:runnerpack.Emp_NoDeduction_Runner@52102734]" started-at="2020-04-11T20:21:41Z" name="setUpClass" finished-at="2020-04-11T20:21:42Z" duration-ms="495" status="PASS">
          <reporter-output>
          </reporter-output>
        </test-method> <!-- setUpClass -->
        <test-method signature="runScenario(cucumber.api.testng.PickleEventWrapper, cucumber.api.testng.CucumberFeatureWrapper)[pri:0, instance:runnerpack.Emp_NoDeduction_Runner@52102734]" started-at="2020-04-11T20:21:42Z" name="runScenario" description="Runs Cucumber Scenarios" data-provider="scenarios" finished-at="2020-04-11T20:22:03Z" duration-ms="20526" status="PASS">
          <params>
            <param index="0">
              <value>
                <![CDATA["Add Employee no Deduction"]]>
              </value>
            </param>
            <param index="1">
              <value>
                <![CDATA["Employees biweekly salary preview"]]>
              </value>
            </param>
          </params>
          <reporter-output>
            <line>
              <![CDATA[<div "result">I am an Admin (PASSED : 1s)</div>]]>
            </line>
            <line>
              <![CDATA[<div "result">I am on the Admin Dashboard page (PASSED : 0s)</div>]]>
            </line>
            <line>
              <![CDATA[<div "result">I select Add New Employee (PASSED : 0s)</div>]]>
            </line>
            <line>
              <![CDATA[<div "result">I should be able to enter employee details (PASSED : 0s)</div>]]>
            </line>
            <line>
              <![CDATA[<div "result">First Name does not begin with “A” or “a” (PASSED : 3s)</div>]]>
            </line>
            <line>
              <![CDATA[<div "result">the employee should save (PASSED : 3s)</div>]]>
            </line>
            <line>
              <![CDATA[<div "result">I should see the employee in the table (PASSED : 0s)</div>]]>
            </line>
            <line>
              <![CDATA[<div "result">the Program Bonus amount is correct (PASSED : 0s)</div>]]>
            </line>
            <line>
              <![CDATA[<div "result">the Total Biweekly Pay calculation is correct (PASSED : 0s)</div>]]>
            </line>
          </reporter-output>
        </test-method> <!-- runScenario -->
        <test-method is-config="true" signature="tearDownClass()[pri:0, instance:runnerpack.Emp_NoDeduction_Runner@52102734]" started-at="2020-04-11T20:22:03Z" name="tearDownClass" finished-at="2020-04-11T20:22:03Z" duration-ms="13" status="PASS">
          <reporter-output>
          </reporter-output>
        </test-method> <!-- tearDownClass -->
      </class> <!-- runnerpack.Emp_NoDeduction_Runner -->
    </test> <!-- Default test -->
  </suite> <!-- Default suite -->
</testng-results>
